[02:27:14] [ServerMain/INFO]: Environment: Environment[sessionHost=https://sessionserver.mojang.com, servicesHost=https://api.minecraftservices.com, name=PROD]
[02:27:16] [ServerMain/INFO]: No existing world data, creating new world
[02:27:18] [ServerMain/INFO]: Loaded 1407 recipes
[02:27:18] [ServerMain/INFO]: Loaded 1520 advancements
[02:27:18] [Server thread/INFO]: Starting minecraft server version 1.21.8
[02:27:18] [Server thread/INFO]: Loading properties
[02:27:18] [Server thread/INFO]: Default game type: SURVIVAL
[02:27:18] [Server thread/INFO]: Generating keypair
[02:27:18] [Server thread/INFO]: Starting Minecraft server on *:25565
[02:27:18] [Server thread/INFO]: Using epoll channel type
[02:27:18] [Server thread/WARN]: **** SERVER IS RUNNING IN OFFLINE/INSECURE MODE!
[02:27:18] [Server thread/WARN]: The server will make no attempt to authenticate usernames. Beware.
[02:27:18] [Server thread/WARN]: While this makes the game possible to play without internet access, it also opens up the ability for hackers to connect with any username they choose.
[02:27:18] [Server thread/WARN]: To change this, set "online-mode" to "true" in the server.properties file.
[02:27:18] [Server thread/INFO]: Preparing level "world"
[02:27:30] [Server thread/INFO]: Preparing start region for dimension minecraft:overworld
[02:27:30] [Worker-Main-1/INFO]: Preparing spawn area: 2%
[02:27:31] [Worker-Main-1/INFO]: Preparing spawn area: 2%
[02:27:31] [Worker-Main-1/INFO]: Preparing spawn area: 2%
[02:27:32] [Worker-Main-1/INFO]: Preparing spawn area: 2%
[02:27:32] [Worker-Main-1/INFO]: Preparing spawn area: 2%
[02:27:33] [Worker-Main-1/INFO]: Preparing spawn area: 2%
[02:27:33] [Worker-Main-1/INFO]: Preparing spawn area: 2%
[02:27:34] [Worker-Main-1/INFO]: Preparing spawn area: 2%
[02:27:34] [Worker-Main-1/INFO]: Preparing spawn area: 4%
[02:27:35] [Worker-Main-1/INFO]: Preparing spawn area: 8%
[02:27:35] [Worker-Main-1/INFO]: Preparing spawn area: 8%
[02:27:36] [Worker-Main-1/INFO]: Preparing spawn area: 8%
[02:27:36] [Worker-Main-1/INFO]: Preparing spawn area: 8%
[02:27:37] [Worker-Main-1/INFO]: Preparing spawn area: 8%
[02:27:37] [Worker-Main-1/INFO]: Preparing spawn area: 8%
[02:27:38] [Worker-Main-1/INFO]: Preparing spawn area: 8%
[02:27:38] [Worker-Main-1/INFO]: Preparing spawn area: 8%
[02:27:39] [Worker-Main-1/INFO]: Preparing spawn area: 8%
[02:27:39] [Worker-Main-1/INFO]: Preparing spawn area: 8%
[02:27:40] [Worker-Main-1/INFO]: Preparing spawn area: 40%
[02:27:40] [Server thread/INFO]: Time elapsed: 9574 ms
[02:27:40] [Server thread/INFO]: Done (21.624s)! For help, type "help"
[02:28:40] [Server thread/INFO]: Server empty for 60 seconds, pausing
